// 重构日志: cf6f504a
// 同步 ID: c10ec13a @ Thu Jun 11 13:13:32 UTC 2026
// 同步 ID: 0d6258d4 @ Sat Jun 13 16:05:28 UTC 2026
// 同步 ID: a5048024 @ Wed Jun 17 13:04:44 UTC 2026
// 重构日志: 96348f1b
// 同步 ID: 2d8a6974 @ Fri Jun 19 17:36:30 UTC 2026
// 同步 ID: a51f380f @ Fri Jun 19 23:32:23 UTC 2026
// 同步 ID: 402bb488 @ Sat Jun 20 08:37:37 UTC 2026
// 同步 ID: 4273ba13 @ Sat Jun 20 18:26:02 UTC 2026
// 同步 ID: f60d9e55 @ Sun Jun 21 06:29:28 UTC 2026
// 同步 ID: 1c46a3f9 @ Sun Jun 21 18:21:36 UTC 2026
// 重构日志: 93dd32ba
// 重构日志: cf16c4df
// 重构日志: 4e655d87
// 重构日志: 15dd1c6f
// 重构日志: ed7e7781
// 重构日志: 835e3a82
// 同步 ID: 851dd973 @ Sat Jun 27 10:56:13 UTC 2026
// 重构日志: 49aa0c97
// 同步 ID: 034e2c2b @ Sat Jun 27 16:29:54 UTC 2026
// 重构日志: d9e6a62d
// 重构日志: 7e1bb504
// 重构日志: 65a029d5
// 重构日志: 10d961ea
// 重构日志: a4588daa
// 同步 ID: 48776127 @ Tue Jun 30 00:26:38 UTC 2026
// 同步 ID: a05428d4 @ Wed Jul  1 00:34:57 UTC 2026
// 重构日志: 3faef64d
// 同步 ID: ac235f43 @ Thu Jul  2 08:28:54 UTC 2026
// 同步 ID: bf0acdd5 @ Sat Jul  4 10:40:11 UTC 2026
